app/build/intermediates/manifest_merge_blame_file/debug/processDebugMainManifest/manifest-merger-blame-debug-report.txt
1<?xml version="1.0" encoding="utf-8"?>
2<manifest xmlns:android="http://schemas.android.com/apk/res/android"
3    package="com.example.bdf"
4    android:versionCode="1"
5    android:versionName="1.0" >
6
7    <uses-sdk
8        android:minSdkVersion="24"
9        android:targetSdkVersion="36" />
10
11    <uses-permission android:name="android.permission.INTERNET" />
11-->src\main\AndroidManifest.xml:5:5-67
11-->src\main\AndroidManifest.xml:5:22-64
12
13    <!-- Although the *SdkVersion is captured in gradle build files, this is required for non gradle builds -->
14    <!-- <uses-sdk android:minSdkVersion="14" /> -->
15    <uses-permission android:name="android.permission.ACCESS_NETWORK_STATE" />
15-->[com.google.firebase:firebase-firestore:24.6.1] AndroidManifest.xml:12:5-79
15-->[com.google.firebase:firebase-firestore:24.6.1] AndroidManifest.xml:12:22-76
16
17    <permission
17-->[androidx.core:core:1.17.0] AndroidManifest.xml:22:5-24:47
18        android:name="com.example.bdf.DYNAMIC_RECEIVER_NOT_EXPORTED_PERMISSION"
18-->[androidx.core:core:1.17.0] AndroidManifest.xml:23:9-81
19        android:protectionLevel="signature" />
19-->[androidx.core:core:1.17.0] AndroidManifest.xml:24:9-44
20
21    <uses-permission android:name="com.example.bdf.DYNAMIC_RECEIVER_NOT_EXPORTED_PERMISSION" />
21-->[androidx.core:core:1.17.0] AndroidManifest.xml:26:5-97
21-->[androidx.core:core:1.17.0] AndroidManifest.xml:26:22-94
22
23    <application
23-->src\main\AndroidManifest.xml:7:5-29:19
24        android:allowBackup="true"
24-->src\main\AndroidManifest.xml:8:9-35
25        android:appComponentFactory="androidx.core.app.CoreComponentFactory"
25-->[androidx.core:core:1.17.0] AndroidManifest.xml:28:18-86
26        android:dataExtractionRules="@xml/data_extraction_rules"
26-->src\main\AndroidManifest.xml:9:9-65
27        android:debuggable="true"
28        android:extractNativeLibs="false"
29        android:fullBackupContent="@xml/backup_rules"
29-->src\main\AndroidManifest.xml:10:9-54
30        android:icon="@mipmap/ic_launcher"
30-->src\main\AndroidManifest.xml:11:9-43
31        android:label="@string/app_name"
31-->src\main\AndroidManifest.xml:12:9-41
32        android:roundIcon="@mipmap/ic_launcher_round"
32-->src\main\AndroidManifest.xml:13:9-54
33        android:supportsRtl="true"
33-->src\main\AndroidManifest.xml:14:9-35
34        android:theme="@style/Theme.BDF" >
34-->src\main\AndroidManifest.xml:15:9-41
35        <activity
35-->src\main\AndroidManifest.xml:16:9-26:20
36            android:name="com.example.bdf.RoleSelectionActivity"
36-->src\main\AndroidManifest.xml:17:13-50
37            android:exported="true"
37-->src\main\AndroidManifest.xml:18:13-36
38            android:label="@string/app_name"
38-->src\main\AndroidManifest.xml:19:13-45
39            android:theme="@style/Theme.BDF" >
39-->src\main\AndroidManifest.xml:20:13-45
40            <intent-filter>
40-->src\main\AndroidManifest.xml:21:13-25:29
41                <action android:name="android.intent.action.MAIN" />
41-->src\main\AndroidManifest.xml:22:17-69
41-->src\main\AndroidManifest.xml:22:25-66
42
43                <category android:name="android.intent.category.LAUNCHER" />
43-->src\main\AndroidManifest.xml:24:17-77
43-->src\main\AndroidManifest.xml:24:27-74
44            </intent-filter>
45        </activity>
46        <activity android:name="com.example.bdf.DonorRegistrationActivity" />
46-->src\main\AndroidManifest.xml:27:9-63
46-->src\main\AndroidManifest.xml:27:19-60
47        <activity android:name="com.example.bdf.RecipientSearchActivity" />
47-->src\main\AndroidManifest.xml:28:9-61
47-->src\main\AndroidManifest.xml:28:19-58
48
49        <service
49-->[com.google.firebase:firebase-firestore-ktx:24.6.1] AndroidManifest.xml:11:9-17:19
50            android:name="com.google.firebase.components.ComponentDiscoveryService"
50-->[com.google.firebase:firebase-firestore-ktx:24.6.1] AndroidManifest.xml:12:13-84
51            android:directBootAware="true"
51-->[com.google.firebase:firebase-common:20.3.3] AndroidManifest.xml:34:13-43
52            android:exported="false" >
52-->[com.google.firebase:firebase-firestore-ktx:24.6.1] AndroidManifest.xml:13:13-37
53            <meta-data
53-->[com.google.firebase:firebase-firestore-ktx:24.6.1] AndroidManifest.xml:14:13-16:85
54                android:name="com.google.firebase.components:com.google.firebase.firestore.ktx.FirebaseFirestoreKtxRegistrar"
54-->[com.google.firebase:firebase-firestore-ktx:24.6.1] AndroidManifest.xml:15:17-126
55                android:value="com.google.firebase.components.ComponentRegistrar" />
55-->[com.google.firebase:firebase-firestore-ktx:24.6.1] AndroidManifest.xml:16:17-82
56            <meta-data
56-->[com.google.firebase:firebase-auth-ktx:22.0.0] AndroidManifest.xml:11:13-13:85
57                android:name="com.google.firebase.components:com.google.firebase.auth.ktx.FirebaseAuthKtxRegistrar"
57-->[com.google.firebase:firebase-auth-ktx:22.0.0] AndroidManifest.xml:12:17-116
58                android:value="com.google.firebase.components.ComponentRegistrar" />
58-->[com.google.firebase:firebase-auth-ktx:22.0.0] AndroidManifest.xml:13:17-82
59            <meta-data
59-->[com.google.firebase:firebase-common-ktx:20.3.3] AndroidManifest.xml:14:13-16:85
60                android:name="com.google.firebase.components:com.google.firebase.ktx.FirebaseCommonKtxRegistrar"
60-->[com.google.firebase:firebase-common-ktx:20.3.3] AndroidManifest.xml:15:17-113
61                android:value="com.google.firebase.components.ComponentRegistrar" />
61-->[com.google.firebase:firebase-common-ktx:20.3.3] AndroidManifest.xml:16:17-82
62            <meta-data
62-->[com.google.firebase:firebase-firestore:24.6.1] AndroidManifest.xml:19:13-21:85
63                android:name="com.google.firebase.components:com.google.firebase.firestore.FirestoreRegistrar"
63-->[com.google.firebase:firebase-firestore:24.6.1] AndroidManifest.xml:20:17-111
64                android:value="com.google.firebase.components.ComponentRegistrar" />
64-->[com.google.firebase:firebase-firestore:24.6.1] AndroidManifest.xml:21:17-82
65            <meta-data
65-->[com.google.firebase:firebase-auth:22.0.0] AndroidManifest.xml:69:13-71:85
66                android:name="com.google.firebase.components:com.google.firebase.auth.FirebaseAuthRegistrar"
66-->[com.google.firebase:firebase-auth:22.0.0] AndroidManifest.xml:70:17-109
67                android:value="com.google.firebase.components.ComponentRegistrar" />
67-->[com.google.firebase:firebase-auth:22.0.0] AndroidManifest.xml:71:17-82
68        </service>
69
70        <activity
70-->[com.google.firebase:firebase-auth:22.0.0] AndroidManifest.xml:29:9-46:20
71            android:name="com.google.firebase.auth.internal.GenericIdpActivity"
71-->[com.google.firebase:firebase-auth:22.0.0] AndroidManifest.xml:30:13-80
72            android:excludeFromRecents="true"
72-->[com.google.firebase:firebase-auth:22.0.0] AndroidManifest.xml:31:13-46
73            android:exported="true"
73-->[com.google.firebase:firebase-auth:22.0.0] AndroidManifest.xml:32:13-36
74            android:launchMode="singleTask"
74-->[com.google.firebase:firebase-auth:22.0.0] AndroidManifest.xml:33:13-44
75            android:theme="@android:style/Theme.Translucent.NoTitleBar" >
75-->[com.google.firebase:firebase-auth:22.0.0] AndroidManifest.xml:34:13-72
76            <intent-filter>
76-->[com.google.firebase:firebase-auth:22.0.0] AndroidManifest.xml:35:13-45:29
77                <action android:name="android.intent.action.VIEW" />
77-->[com.google.firebase:firebase-auth:22.0.0] AndroidManifest.xml:36:17-69
77-->[com.google.firebase:firebase-auth:22.0.0] AndroidManifest.xml:36:25-66
78
79                <category android:name="android.intent.category.DEFAULT" />
79-->[com.google.firebase:firebase-auth:22.0.0] AndroidManifest.xml:38:17-76
79-->[com.google.firebase:firebase-auth:22.0.0] AndroidManifest.xml:38:27-73
80                <category android:name="android.intent.category.BROWSABLE" />
80-->[com.google.firebase:firebase-auth:22.0.0] AndroidManifest.xml:39:17-78
80-->[com.google.firebase:firebase-auth:22.0.0] AndroidManifest.xml:39:27-75
81
82                <data
82-->[com.google.firebase:firebase-auth:22.0.0] AndroidManifest.xml:41:17-44:51
83                    android:host="firebase.auth"
83-->[com.google.firebase:firebase-auth:22.0.0] AndroidManifest.xml:42:21-49
84                    android:path="/"
84-->[com.google.firebase:firebase-auth:22.0.0] AndroidManifest.xml:43:21-37
85                    android:scheme="genericidp" />
85-->[com.google.firebase:firebase-auth:22.0.0] AndroidManifest.xml:44:21-48
86            </intent-filter>
87        </activity>
88        <activity
88-->[com.google.firebase:firebase-auth:22.0.0] AndroidManifest.xml:47:9-64:20
89            android:name="com.google.firebase.auth.internal.RecaptchaActivity"
89-->[com.google.firebase:firebase-auth:22.0.0] AndroidManifest.xml:48:13-79
90            android:excludeFromRecents="true"
90-->[com.google.firebase:firebase-auth:22.0.0] AndroidManifest.xml:49:13-46
91            android:exported="true"
91-->[com.google.firebase:firebase-auth:22.0.0] AndroidManifest.xml:50:13-36
92            android:launchMode="singleTask"
92-->[com.google.firebase:firebase-auth:22.0.0] AndroidManifest.xml:51:13-44
93            android:theme="@android:style/Theme.Translucent.NoTitleBar" >
93-->[com.google.firebase:firebase-auth:22.0.0] AndroidManifest.xml:52:13-72
94            <intent-filter>
94-->[com.google.firebase:firebase-auth:22.0.0] AndroidManifest.xml:53:13-63:29
95                <action android:name="android.intent.action.VIEW" />
95-->[com.google.firebase:firebase-auth:22.0.0] AndroidManifest.xml:36:17-69
95-->[com.google.firebase:firebase-auth:22.0.0] AndroidManifest.xml:36:25-66
96
97                <category android:name="android.intent.category.DEFAULT" />
97-->[com.google.firebase:firebase-auth:22.0.0] AndroidManifest.xml:38:17-76
97-->[com.google.firebase:firebase-auth:22.0.0] AndroidManifest.xml:38:27-73
98                <category android:name="android.intent.category.BROWSABLE" />
98-->[com.google.firebase:firebase-auth:22.0.0] AndroidManifest.xml:39:17-78
98-->[com.google.firebase:firebase-auth:22.0.0] AndroidManifest.xml:39:27-75
99
100                <data
100-->[com.google.firebase:firebase-auth:22.0.0] AndroidManifest.xml:41:17-44:51
101                    android:host="firebase.auth"
101-->[com.google.firebase:firebase-auth:22.0.0] AndroidManifest.xml:42:21-49
102                    android:path="/"
102-->[com.google.firebase:firebase-auth:22.0.0] AndroidManifest.xml:43:21-37
103                    android:scheme="recaptcha" />
103-->[com.google.firebase:firebase-auth:22.0.0] AndroidManifest.xml:44:21-48
104            </intent-filter>
105        </activity>
106
107        <provider
107-->[com.google.firebase:firebase-common:20.3.3] AndroidManifest.xml:25:9-30:39
108            android:name="com.google.firebase.provider.FirebaseInitProvider"
108-->[com.google.firebase:firebase-common:20.3.3] AndroidManifest.xml:26:13-77
109            android:authorities="com.example.bdf.firebaseinitprovider"
109-->[com.google.firebase:firebase-common:20.3.3] AndroidManifest.xml:27:13-72
110            android:directBootAware="true"
110-->[com.google.firebase:firebase-common:20.3.3] AndroidManifest.xml:28:13-43
111            android:exported="false"
111-->[com.google.firebase:firebase-common:20.3.3] AndroidManifest.xml:29:13-37
112            android:initOrder="100" />
112-->[com.google.firebase:firebase-common:20.3.3] AndroidManifest.xml:30:13-36
113        <provider
113-->[androidx.lifecycle:lifecycle-process:2.9.0] AndroidManifest.xml:24:9-32:20
114            android:name="androidx.startup.InitializationProvider"
114-->[androidx.lifecycle:lifecycle-process:2.9.0] AndroidManifest.xml:25:13-67
115            android:authorities="com.example.bdf.androidx-startup"
115-->[androidx.lifecycle:lifecycle-process:2.9.0] AndroidManifest.xml:26:13-68
116            android:exported="false" >
116-->[androidx.lifecycle:lifecycle-process:2.9.0] AndroidManifest.xml:27:13-37
117            <meta-data
117-->[androidx.lifecycle:lifecycle-process:2.9.0] AndroidManifest.xml:29:13-31:52
118                android:name="androidx.lifecycle.ProcessLifecycleInitializer"
118-->[androidx.lifecycle:lifecycle-process:2.9.0] AndroidManifest.xml:30:17-78
119                android:value="androidx.startup" />
119-->[androidx.lifecycle:lifecycle-process:2.9.0] AndroidManifest.xml:31:17-49
120            <meta-data
120-->[androidx.emoji2:emoji2:1.3.0] AndroidManifest.xml:29:13-31:52
121                android:name="androidx.emoji2.text.EmojiCompatInitializer"
121-->[androidx.emoji2:emoji2:1.3.0] AndroidManifest.xml:30:17-75
122                android:value="androidx.startup" />
122-->[androidx.emoji2:emoji2:1.3.0] AndroidManifest.xml:31:17-49
123            <meta-data
123-->[androidx.profileinstaller:profileinstaller:1.4.0] AndroidManifest.xml:29:13-31:52
124                android:name="androidx.profileinstaller.ProfileInstallerInitializer"
124-->[androidx.profileinstaller:profileinstaller:1.4.0] AndroidManifest.xml:30:17-85
125                android:value="androidx.startup" />
125-->[androidx.profileinstaller:profileinstaller:1.4.0] AndroidManifest.xml:31:17-49
126        </provider>
127
128        <activity
128-->[com.google.android.gms:play-services-base:18.0.1] AndroidManifest.xml:20:9-22:45
129            android:name="com.google.android.gms.common.api.GoogleApiActivity"
129-->[com.google.android.gms:play-services-base:18.0.1] AndroidManifest.xml:20:19-85
130            android:exported="false"
130-->[com.google.android.gms:play-services-base:18.0.1] AndroidManifest.xml:22:19-43
131            android:theme="@android:style/Theme.Translucent.NoTitleBar" />
131-->[com.google.android.gms:play-services-base:18.0.1] AndroidManifest.xml:21:19-78
132
133        <meta-data
133-->[com.google.android.gms:play-services-basement:18.1.0] AndroidManifest.xml:21:9-23:69
134            android:name="com.google.android.gms.version"
134-->[com.google.android.gms:play-services-basement:18.1.0] AndroidManifest.xml:22:13-58
135            android:value="@integer/google_play_services_version" />
135-->[com.google.android.gms:play-services-basement:18.1.0] AndroidManifest.xml:23:13-66
136
137        <activity
137-->[androidx.compose.ui:ui-tooling-android:1.7.0] AndroidManifest.xml:23:9-25:39
138            android:name="androidx.compose.ui.tooling.PreviewActivity"
138-->[androidx.compose.ui:ui-tooling-android:1.7.0] AndroidManifest.xml:24:13-71
139            android:exported="true" />
139-->[androidx.compose.ui:ui-tooling-android:1.7.0] AndroidManifest.xml:25:13-36
140
141        <receiver
141-->[androidx.profileinstaller:profileinstaller:1.4.0] AndroidManifest.xml:34:9-52:20
142            android:name="androidx.profileinstaller.ProfileInstallReceiver"
142-->[androidx.profileinstaller:profileinstaller:1.4.0] AndroidManifest.xml:35:13-76
143            android:directBootAware="false"
143-->[androidx.profileinstaller:profileinstaller:1.4.0] AndroidManifest.xml:36:13-44
144            android:enabled="true"
144-->[androidx.profileinstaller:profileinstaller:1.4.0] AndroidManifest.xml:37:13-35
145            android:exported="true"
145-->[androidx.profileinstaller:profileinstaller:1.4.0] AndroidManifest.xml:38:13-36
146            android:permission="android.permission.DUMP" >
146-->[androidx.profileinstaller:profileinstaller:1.4.0] AndroidManifest.xml:39:13-57
147            <intent-filter>
147-->[androidx.profileinstaller:profileinstaller:1.4.0] AndroidManifest.xml:40:13-42:29
148                <action android:name="androidx.profileinstaller.action.INSTALL_PROFILE" />
148-->[androidx.profileinstaller:profileinstaller:1.4.0] AndroidManifest.xml:41:17-91
148-->[androidx.profileinstaller:profileinstaller:1.4.0] AndroidManifest.xml:41:25-88
149            </intent-filter>
150            <intent-filter>
150-->[androidx.profileinstaller:profileinstaller:1.4.0] AndroidManifest.xml:43:13-45:29
151                <action android:name="androidx.profileinstaller.action.SKIP_FILE" />
151-->[androidx.profileinstaller:profileinstaller:1.4.0] AndroidManifest.xml:44:17-85
151-->[androidx.profileinstaller:profileinstaller:1.4.0] AndroidManifest.xml:44:25-82
152            </intent-filter>
153            <intent-filter>
153-->[androidx.profileinstaller:profileinstaller:1.4.0] AndroidManifest.xml:46:13-48:29
154                <action android:name="androidx.profileinstaller.action.SAVE_PROFILE" />
154-->[androidx.profileinstaller:profileinstaller:1.4.0] AndroidManifest.xml:47:17-88
154-->[androidx.profileinstaller:profileinstaller:1.4.0] AndroidManifest.xml:47:25-85
155            </intent-filter>
156            <intent-filter>
156-->[androidx.profileinstaller:profileinstaller:1.4.0] AndroidManifest.xml:49:13-51:29
157                <action android:name="androidx.profileinstaller.action.BENCHMARK_OPERATION" />
157-->[androidx.profileinstaller:profileinstaller:1.4.0] AndroidManifest.xml:50:17-95
157-->[androidx.profileinstaller:profileinstaller:1.4.0] AndroidManifest.xml:50:25-92
158            </intent-filter>
159        </receiver>
160    </application>
161
162</manifest>